<?xml version="1.0" encoding="UTF-8"?>
<!-- Generated by org.testng.reporters.JUnitReportReporter -->
<testsuite hostname="TURAZ" failures="0" tests="1" name="Bdd.jenkin.Testone" time="4.481" errors="0" timestamp="2023-09-21T12:13:14 EDT" skipped="0">
  <testcase classname="Bdd.jenkin.Testone" name="mone" time="4.481"/>
</testsuite> <!-- Bdd.jenkin.Testone -->
